<?xml version="1.0" encoding="UTF-8"?>
<!-- Generated by org.testng.reporters.JUnitReportReporter -->
<testsuite skipped="0" hostname="DIN52004083" name="com.cg.project.test.UnitTestForGoogleChrome" tests="1" failures="0" timestamp="12 Jun 2018 10:28:02 GMT" time="19.831" errors="0">
  <testcase name="testWebPage" time="19.831" classname="com.cg.project.test.UnitTestForGoogleChrome"/>
</testsuite> <!-- com.cg.project.test.UnitTestForGoogleChrome -->
